<?xml version="1.0" encoding="UTF-8"?>
<!-- Generated by org.testng.reporters.JUnitReportReporter -->
<testsuite skipped="0" hostname="DESKTOP-R3QKDGQ" name="test.test2" tests="3" failures="0" timestamp="05 Apr 2019 12:35:20 GMT" time="1.942" errors="0">
  <testcase name="jobSection" time="0.276" classname="test.test2"/>
  <testcase name="TitleTest" time="0.006" classname="test.test2"/>
  <testcase name="selectLocation" time="1.660" classname="test.test2"/>
</testsuite> <!-- test.test2 -->
