<?xml version="1.0" encoding="UTF-8"?>
<!-- Generated by org.testng.reporters.JUnitReportReporter -->
<testsuite skipped="0" hostname="DESKTOP-R3QKDGQ" name="test.test1" tests="1" failures="0" timestamp="05 Apr 2019 14:13:44 GMT" time="0.083" errors="0">
  <testcase name="verifyHomePageTitleTest" time="0.083" classname="test.test1"/>
</testsuite> <!-- test.test1 -->
